<?xml version="1.0" encoding="UTF-8"?>
<!-- Generated by org.testng.reporters.JUnitReportReporter -->
<testsuite hostname="GHASSAN" failures="0" tests="2" name="swaglab.MyTestCases" time="0.803" errors="0" timestamp="2025-09-14T00:21:33 EET" skipped="0">
  <testcase classname="swaglab.MyTestCases" name="LoginWithNormalUser" time="0.374"/>
  <testcase classname="swaglab.MyTestCases" name="checkoutprocess" time="0.429"/>
</testsuite> <!-- swaglab.MyTestCases -->
